<?xml version="1.0" encoding="UTF-8"?>
<testng-results skipped="0" failed="0" total="1" passed="1">
  <reporter-output>
  </reporter-output>
  <suite name="Default suite" duration-ms="4358" started-at="2018-01-31T07:19:49Z" finished-at="2018-01-31T07:19:53Z">
    <groups>
    </groups>
    <test name="Default test" duration-ms="4358" started-at="2018-01-31T07:19:49Z" finished-at="2018-01-31T07:19:53Z">
      <class name="selenium.seleniumKeyword.TestRunner">
        <test-method status="PASS" signature="TestApp()[pri:0, instance:selenium.seleniumKeyword.TestRunner@d8355a8]" name="TestApp" duration-ms="4330" started-at="2018-01-31T14:19:49Z" finished-at="2018-01-31T14:19:53Z">
          <reporter-output>
          </reporter-output>
        </test-method> <!-- TestApp -->
        <test-method status="PASS" signature="TearDown()[pri:0, instance:selenium.seleniumKeyword.TestRunner@d8355a8]" name="TearDown" is-config="true" duration-ms="0" started-at="2018-01-31T14:19:53Z" finished-at="2018-01-31T14:19:53Z">
          <reporter-output>
          </reporter-output>
        </test-method> <!-- TearDown -->
      </class> <!-- selenium.seleniumKeyword.TestRunner -->
    </test> <!-- Default test -->
  </suite> <!-- Default suite -->
</testng-results>
